<?xml version="1.0" encoding="UTF-8"?>
<testsuite xmlns:xsi="http://www.w3.org/2001/XMLSchema-instance" xsi:noNamespaceSchemaLocation="https://maven.apache.org/surefire/maven-surefire-plugin/xsd/surefire-test-report-3.0.xsd" version="3.0" name="com.example.testapp.AppTest" time="0.089" tests="16" errors="0" skipped="0" failures="0">
  <properties>
    <property name="java.specification.version" value="21"/>
    <property name="sun.cpu.isalist" value="amd64"/>
    <property name="sun.jnu.encoding" value="Cp1252"/>
    <property name="java.class.path" value="C:\Workspace\java\junit-framework-basics\my-test-app\target\test-classes;C:\Workspace\java\junit-framework-basics\my-test-app\target\classes;C:\Users\vitor\.m2\repository\junit\junit\4.13.2\junit-4.13.2.jar;C:\Users\vitor\.m2\repository\org\hamcrest\hamcrest-core\1.3\hamcrest-core-1.3.jar;C:\Users\vitor\.m2\repository\org\assertj\assertj-core\3.21.0\assertj-core-3.21.0.jar;"/>
    <property name="java.vm.vendor" value="Azul Systems, Inc."/>
    <property name="sun.arch.data.model" value="64"/>
    <property name="user.variant" value=""/>
    <property name="java.vendor.url" value="http://www.azul.com/"/>
    <property name="user.timezone" value="Europe/Lisbon"/>
    <property name="user.country.format" value="PT"/>
    <property name="os.name" value="Windows 11"/>
    <property name="java.vm.specification.version" value="21"/>
    <property name="sun.java.launcher" value="SUN_STANDARD"/>
    <property name="user.country" value="US"/>
    <property name="sun.boot.library.path" value="C:\Program Files\Java\zulu21.30.15-ca-jdk21.0.1-win_x64\bin"/>
    <property name="sun.java.command" value="C:\Users\vitor\AppData\Local\Temp\surefire6821446626787224866\surefirebooter-20240114143018311_3.jar C:\Users\vitor\AppData\Local\Temp\surefire6821446626787224866 2024-01-14T14-30-18_167-jvmRun1 surefire-20240114143018311_1tmp surefire_0-20240114143018311_2tmp"/>
    <property name="jdk.debug" value="release"/>
    <property name="surefire.test.class.path" value="C:\Workspace\java\junit-framework-basics\my-test-app\target\test-classes;C:\Workspace\java\junit-framework-basics\my-test-app\target\classes;C:\Users\vitor\.m2\repository\junit\junit\4.13.2\junit-4.13.2.jar;C:\Users\vitor\.m2\repository\org\hamcrest\hamcrest-core\1.3\hamcrest-core-1.3.jar;C:\Users\vitor\.m2\repository\org\assertj\assertj-core\3.21.0\assertj-core-3.21.0.jar;"/>
    <property name="sun.cpu.endian" value="little"/>
    <property name="user.home" value="C:\Users\vitor"/>
    <property name="user.language" value="en"/>
    <property name="java.specification.vendor" value="Oracle Corporation"/>
    <property name="java.version.date" value="2023-10-17"/>
    <property name="java.home" value="C:\Program Files\Java\zulu21.30.15-ca-jdk21.0.1-win_x64"/>
    <property name="file.separator" value="\"/>
    <property name="basedir" value="C:\Workspace\java\junit-framework-basics\my-test-app"/>
    <property name="java.vm.compressedOopsMode" value="Zero based"/>
    <property name="line.separator" value="&#10;"/>
    <property name="java.vm.specification.vendor" value="Oracle Corporation"/>
    <property name="java.specification.name" value="Java Platform API Specification"/>
    <property name="surefire.real.class.path" value="C:\Users\vitor\AppData\Local\Temp\surefire6821446626787224866\surefirebooter-20240114143018311_3.jar"/>
    <property name="user.script" value=""/>
    <property name="sun.management.compiler" value="HotSpot 64-Bit Tiered Compilers"/>
    <property name="java.runtime.version" value="21.0.1+12-LTS"/>
    <property name="user.name" value="vitor"/>
    <property name="stdout.encoding" value="Cp1252"/>
    <property name="path.separator" value=";"/>
    <property name="os.version" value="10.0"/>
    <property name="java.runtime.name" value="OpenJDK Runtime Environment"/>
    <property name="file.encoding" value="UTF-8"/>
    <property name="java.vm.name" value="OpenJDK 64-Bit Server VM"/>
    <property name="java.vendor.version" value="Zulu21.30+15-CA"/>
    <property name="localRepository" value="C:\Users\vitor\.m2\repository"/>
    <property name="java.vendor.url.bug" value="http://www.azul.com/support/"/>
    <property name="java.io.tmpdir" value="C:\Users\vitor\AppData\Local\Temp\"/>
    <property name="java.version" value="21.0.1"/>
    <property name="user.dir" value="C:\Workspace\java\junit-framework-basics\my-test-app"/>
    <property name="os.arch" value="amd64"/>
    <property name="java.vm.specification.name" value="Java Virtual Machine Specification"/>
    <property name="user.language.format" value="pt"/>
    <property name="sun.os.patch.level" value=""/>
    <property name="native.encoding" value="Cp1252"/>
    <property name="java.library.path" value="C:\Program Files\Java\zulu21.30.15-ca-jdk21.0.1-win_x64\bin;C:\Windows\Sun\Java\bin;C:\Windows\system32;C:\Windows;C:\Windows\system32;C:\Windows;C:\Windows\System32\Wbem;C:\Windows\System32\WindowsPowerShell\v1.0\;C:\Windows\System32\OpenSSH\;C:\Program Files\Java\zulu21.30.15-ca-jdk21.0.1-win_x64\bin;C:\Program Files\Maven\apache-maven-3.9.6\bin;C:\Program Files\Docker\Docker\resources\bin;C:\Program Files\Git\cmd;C:\Program Files\nodejs\;C:\Users\vitor\AppData\Local\Programs\Python\Python312\Scripts\;C:\Users\vitor\AppData\Local\Programs\Python\Python312\;C:\Users\vitor\AppData\Local\Programs\Python\Launcher\;C:\Users\vitor\AppData\Local\Microsoft\WindowsApps;C:\Users\vitor\AppData\Roaming\npm;."/>
    <property name="java.vm.info" value="mixed mode, sharing"/>
    <property name="stderr.encoding" value="Cp1252"/>
    <property name="java.vendor" value="Azul Systems, Inc."/>
    <property name="java.vm.version" value="21.0.1+12-LTS"/>
    <property name="sun.io.unicode.encoding" value="UnicodeLittle"/>
    <property name="java.class.version" value="65.0"/>
  </properties>
  <testcase name="shouldMoveSouthAndReachTheDestination" classname="com.example.testapp.AppTest" time="0.04"/>
  <testcase name="shouldMoveEastAndNotReachTheDestination" classname="com.example.testapp.AppTest" time="0.0"/>
  <testcase name="shouldMoveSouthwestAndNotReachTheDestination" classname="com.example.testapp.AppTest" time="0.0"/>
  <testcase name="shouldMoveEastAndReachTheDestination" classname="com.example.testapp.AppTest" time="0.0"/>
  <testcase name="shouldMoveNorthwestAndNotReachTheDestination" classname="com.example.testapp.AppTest" time="0.0"/>
  <testcase name="shouldMoveNorthAndReachTheDestination" classname="com.example.testapp.AppTest" time="0.0"/>
  <testcase name="shouldMoveWestAndReachTheDestination" classname="com.example.testapp.AppTest" time="0.0"/>
  <testcase name="shouldMoveSoutheastAndReachTheDestination" classname="com.example.testapp.AppTest" time="0.0"/>
  <testcase name="shouldMoveSoutheastAndNotReachTheDestination" classname="com.example.testapp.AppTest" time="0.0"/>
  <testcase name="shouldMoveNortheastAndReachTheDestination" classname="com.example.testapp.AppTest" time="0.0"/>
  <testcase name="shouldMoveSouthAndNotReachTheDestination" classname="com.example.testapp.AppTest" time="0.0"/>
  <testcase name="shouldMoveSouthwestAndReachTheDestination" classname="com.example.testapp.AppTest" time="0.0"/>
  <testcase name="shouldMoveNortheastAndNotReachTheDestination" classname="com.example.testapp.AppTest" time="0.0"/>
  <testcase name="shouldMoveNorthwestAndReachTheDestination" classname="com.example.testapp.AppTest" time="0.0"/>
  <testcase name="shouldMoveWestAndNotReachTheDestination" classname="com.example.testapp.AppTest" time="0.0"/>
  <testcase name="shouldMoveNorthAndNotReachTheDestination" classname="com.example.testapp.AppTest" time="0.0"/>
</testsuite>